# JRE version: OpenJDK Runtime Environment (11.0.8+10) (build 11.0.8+10-b944.6842174)
# Java VM: OpenJDK 64-Bit Server VM (11.0.8+10-b944.6842174, mixed mode, tiered, compressed oops, g1 gc, windows-amd64)
Heap:
 garbage-first heap   total 187392K, used 104463K [0x0000000080000000, 0x0000000100000000)
  region size 1024K, 15 young (15360K), 2 survivors (2048K)
 Metaspace       used 80715K, capacity 82885K, committed 83200K, reserved 1122304K
  class space    used 10406K, capacity 11184K, committed 11264K, reserved 1048576K
GC Heap History (20 events):
Event: 11.470 GC heap before
{Heap before GC invocations=24 (full 0):
 garbage-first heap   total 129024K, used 97767K [0x0000000080000000, 0x0000000100000000)
  region size 1024K, 44 young (45056K), 6 survivors (6144K)
 Metaspace       used 71018K, capacity 72813K, committed 72960K, reserved 1112064K
  class space    used 9325K, capacity 9970K, committed 9984K, reserved 1048576K
}
Event: 11.483 GC heap after
{Heap after GC invocations=25 (full 0):
 garbage-first heap   total 129024K, used 61652K [0x0000000080000000, 0x0000000100000000)
  region size 1024K, 3 young (3072K), 3 survivors (3072K)
 Metaspace       used 71018K, capacity 72813K, committed 72960K, reserved 1112064K
  class space    used 9325K, capacity 9970K, committed 9984K, reserved 1048576K
}
Event: 12.473 GC heap before
{Heap before GC invocations=25 (full 0):
 garbage-first heap   total 129024K, used 98516K [0x0000000080000000, 0x0000000100000000)
  region size 1024K, 40 young (40960K), 3 survivors (3072K)
 Metaspace       used 73663K, capacity 75590K, committed 75776K, reserved 1114112K
  class space    used 9677K, capacity 10404K, committed 10496K, reserved 1048576K
}
Event: 12.485 GC heap after
{Heap after GC invocations=26 (full 0):
 garbage-first heap   total 129024K, used 64758K [0x0000000080000000, 0x0000000100000000)
  region size 1024K, 5 young (5120K), 5 survivors (5120K)
 Metaspace       used 73663K, capacity 75590K, committed 75776K, reserved 1114112K
  class space    used 9677K, capacity 10404K, committed 10496K, reserved 1048576K
}
Event: 13.400 GC heap before
{Heap before GC invocations=27 (full 0):
 garbage-first heap   total 129024K, used 101622K [0x0000000080000000, 0x0000000100000000)
  region size 1024K, 42 young (43008K), 5 survivors (5120K)
 Metaspace       used 74929K, capacity 76873K, committed 76928K, reserved 1116160K
  class space    used 9813K, capacity 10583K, committed 10624K, reserved 1048576K
}
Event: 13.416 GC heap after
{Heap after GC invocations=28 (full 0):
 garbage-first heap   total 155648K, used 68608K [0x0000000080000000, 0x0000000100000000)
  region size 1024K, 6 young (6144K), 6 survivors (6144K)
 Metaspace       used 74929K, capacity 76873K, committed 76928K, reserved 1116160K
  class space    used 9813K, capacity 10583K, committed 10624K, reserved 1048576K
}
Event: 14.091 GC heap before
{Heap before GC invocations=28 (full 0):
 garbage-first heap   total 155648K, used 111616K [0x0000000080000000, 0x0000000100000000)
  region size 1024K, 49 young (50176K), 6 survivors (6144K)
 Metaspace       used 75215K, capacity 77280K, committed 77440K, reserved 1116160K
  class space    used 9813K, capacity 10583K, committed 10624K, reserved 1048576K
}
Event: 14.106 GC heap after
{Heap after GC invocations=29 (full 0):
 garbage-first heap   total 155648K, used 71967K [0x0000000080000000, 0x0000000100000000)
  region size 1024K, 7 young (7168K), 7 survivors (7168K)
 Metaspace       used 75215K, capacity 77280K, committed 77440K, reserved 1116160K
  class space    used 9813K, capacity 10583K, committed 10624K, reserved 1048576K
}
Event: 14.765 GC heap before
{Heap before GC invocations=29 (full 0):
 garbage-first heap   total 155648K, used 118047K [0x0000000080000000, 0x0000000100000000)
  region size 1024K, 52 young (53248K), 7 survivors (7168K)
 Metaspace       used 75597K, capacity 77635K, committed 77696K, reserved 1116160K
  class space    used 9835K, capacity 10598K, committed 10624K, reserved 1048576K
}
Event: 14.781 GC heap after
{Heap after GC invocations=30 (full 0):
 garbage-first heap   total 155648K, used 75316K [0x0000000080000000, 0x0000000100000000)
  region size 1024K, 7 young (7168K), 7 survivors (7168K)
 Metaspace       used 75597K, capacity 77635K, committed 77696K, reserved 1116160K
  class space    used 9835K, capacity 10598K, committed 10624K, reserved 1048576K
}
Event: 15.540 GC heap before
{Heap before GC invocations=30 (full 0):
 garbage-first heap   total 155648K, used 121396K [0x0000000080000000, 0x0000000100000000)
  region size 1024K, 53 young (54272K), 7 survivors (7168K)
 Metaspace       used 75737K, capacity 77854K, committed 77952K, reserved 1116160K
  class space    used 9838K, capacity 10600K, committed 10624K, reserved 1048576K
}
Event: 15.552 GC heap after
{Heap after GC invocations=31 (full 0):
 garbage-first heap   total 155648K, used 77824K [0x0000000080000000, 0x0000000100000000)
  region size 1024K, 6 young (6144K), 6 survivors (6144K)
 Metaspace       used 75737K, capacity 77854K, committed 77952K, reserved 1116160K
  class space    used 9838K, capacity 10600K, committed 10624K, reserved 1048576K
}
Event: 16.202 GC heap before
{Heap before GC invocations=31 (full 0):
 garbage-first heap   total 155648K, used 124928K [0x0000000080000000, 0x0000000100000000)
  region size 1024K, 53 young (54272K), 6 survivors (6144K)
 Metaspace       used 75845K, capacity 77913K, committed 77952K, reserved 1116160K
  class space    used 9848K, capacity 10610K, committed 10624K, reserved 1048576K
}
Event: 16.216 GC heap after
{Heap after GC invocations=32 (full 0):
 garbage-first heap   total 187392K, used 81163K [0x0000000080000000, 0x0000000100000000)
  region size 1024K, 6 young (6144K), 6 survivors (6144K)
 Metaspace       used 75845K, capacity 77913K, committed 77952K, reserved 1116160K
  class space    used 9848K, capacity 10610K, committed 10624K, reserved 1048576K
}
Event: 16.982 GC heap before
{Heap before GC invocations=33 (full 0):
 garbage-first heap   total 187392K, used 135435K [0x0000000080000000, 0x0000000100000000)
  region size 1024K, 60 young (61440K), 6 survivors (6144K)
 Metaspace       used 78520K, capacity 80486K, committed 80896K, reserved 1120256K
  class space    used 10179K, capacity 10893K, committed 11008K, reserved 1048576K
}
Event: 16.995 GC heap after
{Heap after GC invocations=34 (full 0):
 garbage-first heap   total 187392K, used 83712K [0x0000000080000000, 0x0000000100000000)
  region size 1024K, 6 young (6144K), 6 survivors (6144K)
 Metaspace       used 78520K, capacity 80486K, committed 80896K, reserved 1120256K
  class space    used 10179K, capacity 10893K, committed 11008K, reserved 1048576K
}
Event: 20.806 GC heap before
{Heap before GC invocations=34 (full 0):
 garbage-first heap   total 187392K, used 142080K [0x0000000080000000, 0x0000000100000000)
  region size 1024K, 64 young (65536K), 6 survivors (6144K)
 Metaspace       used 80007K, capacity 82169K, committed 82432K, reserved 1120256K
  class space    used 10345K, capacity 11137K, committed 11264K, reserved 1048576K
}
Event: 20.829 GC heap after
{Heap after GC invocations=35 (full 0):
 garbage-first heap   total 187392K, used 93161K [0x0000000080000000, 0x0000000100000000)
  region size 1024K, 8 young (8192K), 8 survivors (8192K)
 Metaspace       used 80007K, capacity 82169K, committed 82432K, reserved 1120256K
  class space    used 10345K, capacity 11137K, committed 11264K, reserved 1048576K
}
Event: 23.265 GC heap before
{Heap before GC invocations=35 (full 0):
 garbage-first heap   total 187392K, used 147433K [0x0000000080000000, 0x0000000100000000)
  region size 1024K, 62 young (63488K), 8 survivors (8192K)
 Metaspace       used 80701K, capacity 82885K, committed 83200K, reserved 1122304K
  class space    used 10405K, capacity 11184K, committed 11264K, reserved 1048576K
}
Event: 23.287 GC heap after
{Heap after GC invocations=36 (full 0):
 garbage-first heap   total 187392K, used 92175K [0x0000000080000000, 0x0000000100000000)
  region size 1024K, 2 young (2048K), 2 survivors (2048K)
 Metaspace       used 80701K, capacity 82885K, committed 83200K, reserved 1122304K
  class space    used 10405K, capacity 11184K, committed 11264K, reserved 1048576K
}

